# JRE version: Java(TM) SE Runtime Environment (8.0_45-b15) (build 1.8.0_45-b15)
# Java VM: Java HotSpot(TM) 64-Bit Server VM (25.45-b02 mixed mode windows-amd64 compressed oops)
Heap:
 PSYoungGen      total 197632K, used 73861K [0x00000000eab00000, 0x00000000fa480000, 0x0000000100000000)
  eden space 170496K, 27% used [0x00000000eab00000,0x00000000ed91c938,0x00000000f5180000)
  from space 27136K, 98% used [0x00000000f8a00000,0x00000000fa404ba0,0x00000000fa480000)
  to   space 33280K, 0% used [0x00000000f6380000,0x00000000f6380000,0x00000000f8400000)
 ParOldGen       total 79360K, used 45534K [0x00000000c0000000, 0x00000000c4d80000, 0x00000000eab00000)
  object space 79360K, 57% used [0x00000000c0000000,0x00000000c2c77950,0x00000000c4d80000)
 Metaspace       used 7236K, capacity 7768K, committed 7936K, reserved 1056768K
  class space    used 667K, capacity 720K, committed 768K, reserved 1048576K
GC Heap History (10 events):
Event: 4.793 GC heap before
{Heap before GC invocations=7 (full 0):
 PSYoungGen      total 73216K, used 72636K [0x00000000eab00000, 0x00000000efe00000, 0x0000000100000000)
  eden space 64512K, 100% used [0x00000000eab00000,0x00000000eea00000,0x00000000eea00000)
  from space 8704K, 93% used [0x00000000ef380000,0x00000000efb6f348,0x00000000efc00000)
  to   space 9728K, 0% used [0x00000000eea00000,0x00000000eea00000,0x00000000ef380000)
 ParOldGen       total 44032K, used 11684K [0x00000000c0000000, 0x00000000c2b00000, 0x00000000eab00000)
  object space 44032K, 26% used [0x00000000c0000000,0x00000000c0b69328,0x00000000c2b00000)
 Metaspace       used 6305K, capacity 7152K, committed 7296K, reserved 1056768K
  class space    used 594K, capacity 616K, committed 640K, reserved 1048576K
Event: 4.844 GC heap after
Heap after GC invocations=7 (full 0):
 PSYoungGen      total 74240K, used 9722K [0x00000000eab00000, 0x00000000f4700000, 0x0000000100000000)
  eden space 64512K, 0% used [0x00000000eab00000,0x00000000eab00000,0x00000000eea00000)
  from space 9728K, 99% used [0x00000000eea00000,0x00000000ef37e9e0,0x00000000ef380000)
  to   space 15360K, 0% used [0x00000000f3800000,0x00000000f3800000,0x00000000f4700000)
 ParOldGen       total 44032K, used 19764K [0x00000000c0000000, 0x00000000c2b00000, 0x00000000eab00000)
  object space 44032K, 44% used [0x00000000c0000000,0x00000000c134d1a0,0x00000000c2b00000)
 Metaspace       used 6305K, capacity 7152K, committed 7296K, reserved 1056768K
  class space    used 594K, capacity 616K, committed 640K, reserved 1048576K
}
Event: 6.396 GC heap before
{Heap before GC invocations=8 (full 0):
 PSYoungGen      total 74240K, used 74234K [0x00000000eab00000, 0x00000000f4700000, 0x0000000100000000)
  eden space 64512K, 100% used [0x00000000eab00000,0x00000000eea00000,0x00000000eea00000)
  from space 9728K, 99% used [0x00000000eea00000,0x00000000ef37e9e0,0x00000000ef380000)
  to   space 15360K, 0% used [0x00000000f3800000,0x00000000f3800000,0x00000000f4700000)
 ParOldGen       total 44032K, used 19764K [0x00000000c0000000, 0x00000000c2b00000, 0x00000000eab00000)
  object space 44032K, 44% used [0x00000000c0000000,0x00000000c134d1a0,0x00000000c2b00000)
 Metaspace       used 6333K, capacity 7216K, committed 7296K, reserved 1056768K
  class space    used 594K, capacity 616K, committed 640K, reserved 1048576K
Event: 6.821 GC heap after
Heap after GC invocations=8 (full 0):
 PSYoungGen      total 139776K, used 15333K [0x00000000eab00000, 0x00000000f5000000, 0x0000000100000000)
  eden space 124416K, 0% used [0x00000000eab00000,0x00000000eab00000,0x00000000f2480000)
  from space 15360K, 99% used [0x00000000f3800000,0x00000000f46f95e0,0x00000000f4700000)
  to   space 19968K, 0% used [0x00000000f2480000,0x00000000f2480000,0x00000000f3800000)
 ParOldGen       total 44032K, used 24334K [0x00000000c0000000, 0x00000000c2b00000, 0x00000000eab00000)
  object space 44032K, 55% used [0x00000000c0000000,0x00000000c17c3970,0x00000000c2b00000)
 Metaspace       used 6333K, capacity 7216K, committed 7296K, reserved 1056768K
  class space    used 594K, capacity 616K, committed 640K, reserved 1048576K
}
Event: 7.666 GC heap before
{Heap before GC invocations=9 (full 0):
 PSYoungGen      total 139776K, used 139749K [0x00000000eab00000, 0x00000000f5000000, 0x0000000100000000)
  eden space 124416K, 100% used [0x00000000eab00000,0x00000000f2480000,0x00000000f2480000)
  from space 15360K, 99% used [0x00000000f3800000,0x00000000f46f95e0,0x00000000f4700000)
  to   space 19968K, 0% used [0x00000000f2480000,0x00000000f2480000,0x00000000f3800000)
 ParOldGen       total 44032K, used 24334K [0x00000000c0000000, 0x00000000c2b00000, 0x00000000eab00000)
  object space 44032K, 55% used [0x00000000c0000000,0x00000000c17c3970,0x00000000c2b00000)
 Metaspace       used 6458K, capacity 7256K, committed 7424K, reserved 1056768K
  class space    used 614K, capacity 656K, committed 768K, reserved 1048576K
Event: 7.777 GC heap after
Heap after GC invocations=9 (full 0):
 PSYoungGen      total 144384K, used 19939K [0x00000000eab00000, 0x00000000fa680000, 0x0000000100000000)
  eden space 124416K, 0% used [0x00000000eab00000,0x00000000eab00000,0x00000000f2480000)
  from space 19968K, 99% used [0x00000000f2480000,0x00000000f37f8ef8,0x00000000f3800000)
  to   space 29184K, 0% used [0x00000000f8a00000,0x00000000f8a00000,0x00000000fa680000)
 ParOldGen       total 44032K, used 38366K [0x00000000c0000000, 0x00000000c2b00000, 0x00000000eab00000)
  object space 44032K, 87% used [0x00000000c0000000,0x00000000c25778e8,0x00000000c2b00000)
 Metaspace       used 6458K, capacity 7256K, committed 7424K, reserved 1056768K
  class space    used 614K, capacity 656K, committed 768K, reserved 1048576K
}
Event: 7.777 GC heap before
{Heap before GC invocations=10 (full 1):
 PSYoungGen      total 144384K, used 19939K [0x00000000eab00000, 0x00000000fa680000, 0x0000000100000000)
  eden space 124416K, 0% used [0x00000000eab00000,0x00000000eab00000,0x00000000f2480000)
  from space 19968K, 99% used [0x00000000f2480000,0x00000000f37f8ef8,0x00000000f3800000)
  to   space 29184K, 0% used [0x00000000f8a00000,0x00000000f8a00000,0x00000000fa680000)
 ParOldGen       total 44032K, used 38366K [0x00000000c0000000, 0x00000000c2b00000, 0x00000000eab00000)
  object space 44032K, 87% used [0x00000000c0000000,0x00000000c25778e8,0x00000000c2b00000)
 Metaspace       used 6458K, capacity 7256K, committed 7424K, reserved 1056768K
  class space    used 614K, capacity 656K, committed 768K, reserved 1048576K
Event: 8.590 GC heap after
Heap after GC invocations=10 (full 1):
 PSYoungGen      total 144384K, used 10676K [0x00000000eab00000, 0x00000000fa680000, 0x0000000100000000)
  eden space 124416K, 0% used [0x00000000eab00000,0x00000000eab00000,0x00000000f2480000)
  from space 19968K, 53% used [0x00000000f2480000,0x00000000f2eed1b0,0x00000000f3800000)
  to   space 29184K, 0% used [0x00000000f8a00000,0x00000000f8a00000,0x00000000fa680000)
 ParOldGen       total 79360K, used 43793K [0x00000000c0000000, 0x00000000c4d80000, 0x00000000eab00000)
  object space 79360K, 55% used [0x00000000c0000000,0x00000000c2ac4448,0x00000000c4d80000)
 Metaspace       used 6458K, capacity 7256K, committed 7424K, reserved 1056768K
  class space    used 614K, capacity 656K, committed 768K, reserved 1048576K
}
Event: 10.167 GC heap before
{Heap before GC invocations=11 (full 1):
 PSYoungGen      total 144384K, used 135092K [0x00000000eab00000, 0x00000000fa680000, 0x0000000100000000)
  eden space 124416K, 100% used [0x00000000eab00000,0x00000000f2480000,0x00000000f2480000)
  from space 19968K, 53% used [0x00000000f2480000,0x00000000f2eed1b0,0x00000000f3800000)
  to   space 29184K, 0% used [0x00000000f8a00000,0x00000000f8a00000,0x00000000fa680000)
 ParOldGen       total 79360K, used 43793K [0x00000000c0000000, 0x00000000c4d80000, 0x00000000eab00000)
  object space 79360K, 55% used [0x00000000c0000000,0x00000000c2ac4448,0x00000000c4d80000)
 Metaspace       used 6473K, capacity 7256K, committed 7424K, reserved 1056768K
  class space    used 614K, capacity 656K, committed 768K, reserved 1048576K
Event: 10.833 GC heap after
Heap after GC invocations=11 (full 1):
 PSYoungGen      total 197632K, used 26642K [0x00000000eab00000, 0x00000000fa480000, 0x0000000100000000)
  eden space 170496K, 0% used [0x00000000eab00000,0x00000000eab00000,0x00000000f5180000)
  from space 27136K, 98% used [0x00000000f8a00000,0x00000000fa404ba0,0x00000000fa480000)
  to   space 33280K, 0% used [0x00000000f6380000,0x00000000f6380000,0x00000000f8400000)
 ParOldGen       total 79360K, used 45534K [0x00000000c0000000, 0x00000000c4d80000, 0x00000000eab00000)
  object space 79360K, 57% used [0x00000000c0000000,0x00000000c2c77950,0x00000000c4d80000)
 Metaspace       used 6473K, capacity 7256K, committed 7424K, reserved 1056768K
  class space    used 614K, capacity 656K, committed 768K, reserved 1048576K
}

